Arguments: 
  C:\Program Files\nodejs\node.exe C:\Users\Meri\AppData\Roaming\npm\node_modules\yarn\bin\yarn.js add react-router-dom

PATH: 
  C:\Python310\Scripts\;C:\Python310\;C:\Program Files (x86)\Common Files\Oracle\Java\javapath;C:\WINDOWS\system32;C:\WINDOWS;C:\WINDOWS\System32\Wbem;C:\WINDOWS\System32\WindowsPowerShell\v1.0\;C:\WINDOWS\System32\OpenSSH\;C:\wamp64\bin\php\php5.6.40;C:\ProgramData\ComposerSetup\bin;C:\Program Files\nodejs\;C:\ProgramData\chocolatey\bin;C:\Program Files\Git\cmd;C:\Users\Meri\AppData\Local\Programs\Python\Python38-32\Scripts\;C:\Users\Meri\AppData\Local\Programs\Python\Python38-32\;C:\Program Files\aircrack-ng-1.6-win\bin;C:\Users\Meri\AppData\Local\Programs\Microsoft VS Code\bin;C:\Users\Meri\AppData\Local\Microsoft\WindowsApps;C:\Users\Meri\AppData\Roaming\Composer\vendor\bin;C:\Users\Meri\AppData\Roaming\npm

Yarn version: 
  1.22.19

Node version: 
  16.15.1

Platform: 
  win32 x64

Trace: 
  Error: EPERM: operation not permitted, copyfile 'C:\Users\Meri\AppData\Local\Yarn\Cache\v6\npm-@mui-material-5.9.0-e1cc4f67f16d337e9b94939caa8d6905db45d4e4-integrity\node_modules\@mui\material\transitions\utils.d.ts' -> 'C:\Users\Meri\Desktop\react\login-api\node_modules\@mui\material\transitions\utils.d.ts'

npm manifest: 
  {
    "name": "login-api",
    "version": "0.1.0",
    "homepage": "https://merivardanyan.github.io/login-api",
    "private": true,
    "dependencies": {
      "-": "^0.0.1",
      "@emotion/react": "^11.9.3",
      "@emotion/styled": "^11.9.3",
      "@mui/icons-material": "^5.8.4",
      "@mui/material": "^5.9.0",
      "@testing-library/jest-dom": "^5.16.4",
      "@testing-library/react": "^13.3.0",
      "@testing-library/user-event": "^13.5.0",
      "axios": "^0.27.2",
      "react": "^18.2.0",
      "react-dom": "^18.2.0",
      "react-router-dom": "^6.3.0",
      "react-scripts": "^2.1.3",
      "save-dev": "^0.0.1-security",
      "web-vitals": "^2.1.4"
    },
    "scripts": {
      "predeploy": "npm run build",
      "deploy": "gh-pages -d build",
      "start": "react-scripts start",
      "build": "react-scripts build",
      "test": "react-scripts test",
      "eject": "react-scripts eject"
    },
    "eslintConfig": {
      "extends": [
        "react-app",
        "react-app/jest"
      ]
    },
    "browserslist": {
      "production": [
        ">0.2%",
        "not dead",
        "not op_mini all"
      ],
      "development": [
        "last 1 chrome version",
        "last 1 firefox version",
        "last 1 safari version"
      ]
    },
    "devDependencies": {
      "gh-pages": "^4.0.0"
    }
  }

yarn manifest: 
  No manifest

Lockfile: 
  No lockfile
